<?xml version="1.0" encoding="UTF-8"?>
<!-- Generated by org.testng.reporters.JUnitReportReporter -->
<testsuite hostname="DESKTOP-36D7PBU" failures="0" tests="4" name="com.amitlearning.testcases.T2_RegisterTest" time="32.460" errors="0" timestamp="2023-02-06T00:04:58 IST" skipped="0">
  <testcase classname="com.amitlearning.testcases.T2_RegisterTest" name="verifyRegisteringAnAccountWithMandatoryFields" time="10.330"/>
  <system-out/>
  <testcase classname="com.amitlearning.testcases.T2_RegisterTest" name="verifyRegisteringAccountByProvidingAllFields" time="7.650"/>
  <system-out/>
  <testcase classname="com.amitlearning.testcases.T2_RegisterTest" name="verifyRegisteringAccountByProvidingExistingEmailAddress" time="7.567"/>
  <system-out/>
  <testcase classname="com.amitlearning.testcases.T2_RegisterTest" name="verifyRegisteringAccountWithoutFillingAnyDetails" time="6.913"/>
  <system-out/>
</testsuite> <!-- com.amitlearning.testcases.T2_RegisterTest -->
