<?xml version="1.0" encoding="UTF-8"?>
<!-- Generated by org.testng.reporters.JUnitReportReporter -->
<testsuite hostname="DESKTOP-36D7PBU" failures="0" tests="8" name="com.amitlearning.testcases.T1_LoginTestDataFromExcelTest" time="54.523" errors="0" timestamp="2023-02-06T00:04:58 IST" skipped="0">
  <testcase classname="com.amitlearning.testcases.T1_LoginTestDataFromExcelTest" name="verifyLoginWithValidCredentials" time="6.737"/>
  <system-out/>
  <testcase classname="com.amitlearning.testcases.T1_LoginTestDataFromExcelTest" name="verifyLoginWithValidCredentials" time="7.239"/>
  <system-out/>
  <testcase classname="com.amitlearning.testcases.T1_LoginTestDataFromExcelTest" name="verifyLoginWithValidCredentials" time="7.071"/>
  <system-out/>
  <testcase classname="com.amitlearning.testcases.T1_LoginTestDataFromExcelTest" name="verifyLoginWithValidCredentials" time="6.486"/>
  <system-out/>
  <testcase classname="com.amitlearning.testcases.T1_LoginTestDataFromExcelTest" name="verifyLoginWithInValidCredentials" time="6.552"/>
  <system-out/>
  <testcase classname="com.amitlearning.testcases.T1_LoginTestDataFromExcelTest" name="verifyLoginWithInValidEmailAndValidPassword" time="6.781"/>
  <system-out/>
  <testcase classname="com.amitlearning.testcases.T1_LoginTestDataFromExcelTest" name="verifyLoginWithValidEmailAndInValidPassword" time="6.902"/>
  <system-out/>
  <testcase classname="com.amitlearning.testcases.T1_LoginTestDataFromExcelTest" name="verifyLoginWithoutProvidingCredentials" time="6.755"/>
  <system-out/>
</testsuite> <!-- com.amitlearning.testcases.T1_LoginTestDataFromExcelTest -->
