<?xml version="1.0" encoding="UTF-8"?>
<!-- Generated by org.testng.reporters.JUnitReportReporter -->
<testsuite hostname="DESKTOP-36D7PBU" failures="0" tests="4" name="com.amitlearning.testcases.T2_RegisterTest" time="35.718" errors="0" timestamp="2023-02-05T20:59:30 IST" skipped="0">
  <testcase classname="com.amitlearning.testcases.T2_RegisterTest" name="verifyRegisteringAnAccountWithMandatoryFields" time="8.835"/>
  <system-out/>
  <testcase classname="com.amitlearning.testcases.T2_RegisterTest" name="verifyRegisteringAccountByProvidingAllFields" time="9.496"/>
  <system-out/>
  <testcase classname="com.amitlearning.testcases.T2_RegisterTest" name="verifyRegisteringAccountByProvidingExistingEmailAddress" time="9.650"/>
  <system-out/>
  <testcase classname="com.amitlearning.testcases.T2_RegisterTest" name="verifyRegisteringAccountWithoutFillingAnyDetails" time="7.737"/>
  <system-out/>
</testsuite> <!-- com.amitlearning.testcases.T2_RegisterTest -->
