<?xml version="1.0" encoding="UTF-8"?>
<!-- Generated by org.testng.reporters.JUnitReportReporter -->
<testsuite hostname="DESKTOP-36D7PBU" failures="0" tests="4" name="com.amitlearning.testcases.T2_RegisterTest" time="37.130" errors="0" timestamp="2023-02-05T19:28:26 IST" skipped="0">
  <testcase classname="com.amitlearning.testcases.T2_RegisterTest" name="verifyRegisteringAnAccountWithMandatoryFields" time="9.475"/>
  <system-out/>
  <testcase classname="com.amitlearning.testcases.T2_RegisterTest" name="verifyRegisteringAccountByProvidingAllFields" time="9.300"/>
  <system-out/>
  <testcase classname="com.amitlearning.testcases.T2_RegisterTest" name="verifyRegisteringAccountByProvidingExistingEmailAddress" time="8.752"/>
  <system-out/>
  <testcase classname="com.amitlearning.testcases.T2_RegisterTest" name="verifyRegisteringAccountWithoutFillingAnyDetails" time="9.603"/>
  <system-out/>
</testsuite> <!-- com.amitlearning.testcases.T2_RegisterTest -->
