<?xml version="1.0" encoding="UTF-8"?>
<!-- Generated by org.testng.reporters.JUnitReportReporter -->
<testsuite hostname="DESKTOP-36D7PBU" failures="0" tests="8" name="com.amitlearning.testcases.T1_LoginTestDataFromExcelTest" time="62.351" errors="0" timestamp="2023-02-05T19:28:26 IST" skipped="0">
  <testcase classname="com.amitlearning.testcases.T1_LoginTestDataFromExcelTest" name="verifyLoginWithValidCredentials" time="7.821"/>
  <system-out/>
  <testcase classname="com.amitlearning.testcases.T1_LoginTestDataFromExcelTest" name="verifyLoginWithValidCredentials" time="7.776"/>
  <system-out/>
  <testcase classname="com.amitlearning.testcases.T1_LoginTestDataFromExcelTest" name="verifyLoginWithValidCredentials" time="8.138"/>
  <system-out/>
  <testcase classname="com.amitlearning.testcases.T1_LoginTestDataFromExcelTest" name="verifyLoginWithValidCredentials" time="7.400"/>
  <system-out/>
  <testcase classname="com.amitlearning.testcases.T1_LoginTestDataFromExcelTest" name="verifyLoginWithInValidCredentials" time="7.293"/>
  <system-out/>
  <testcase classname="com.amitlearning.testcases.T1_LoginTestDataFromExcelTest" name="verifyLoginWithInValidEmailAndValidPassword" time="8.172"/>
  <system-out/>
  <testcase classname="com.amitlearning.testcases.T1_LoginTestDataFromExcelTest" name="verifyLoginWithValidEmailAndInValidPassword" time="7.589"/>
  <system-out/>
  <testcase classname="com.amitlearning.testcases.T1_LoginTestDataFromExcelTest" name="verifyLoginWithoutProvidingCredentials" time="8.162"/>
  <system-out/>
</testsuite> <!-- com.amitlearning.testcases.T1_LoginTestDataFromExcelTest -->
